<?xml version="1.0" encoding="UTF-8"?>
<!-- Generated by org.testng.reporters.JUnitXMLReporter -->
<testsuite hostname="Fahim-PC" ignored="0" name="FirefoxBrowserTest" tests="1" failures="1" timestamp="2019-09-19T12:26:16 IST" time="1270.619" errors="0">
  <testcase name="browserLaunch" time="1270.472" classname="Sep_Practice_TestNG.CrossBrowser_Testing">
    <failure type="org.openqa.selenium.WebDriverException" message="connection refused
Build info: version: &amp;apos;3.141.59&amp;apos;, revision: &amp;apos;e82be7d358&amp;apos;, time: &amp;apos;2018-11-14T08:17:03&amp;apos;
System info: host: &amp;apos;FAHIM-PC&amp;apos;, ip: &amp;apos;192.168.43.51&amp;apos;, os.name: &amp;apos;Windows 7&amp;apos;, os.arch: &amp;apos;amd64&amp;apos;, os.version: &amp;apos;6.1&amp;apos;, java.version: &amp;apos;1.8.0_171&amp;apos;
Driver info: driver.version: FirefoxDriver
remote stacktrace: stack backtrace:
   0:   0x49dbf6 - &amp;lt;no info&amp;gt;
   1:   0x435fd7 - &amp;lt;no info&amp;gt;
   2:   0x43bfba - &amp;lt;no info&amp;gt;
   3:   0x43f00f - &amp;lt;no info&amp;gt;
   4:   0x41bb48 - &amp;lt;no info&amp;gt;
   5:   0x404309 - &amp;lt;no info&amp;gt;
   6:   0x4066b7 - &amp;lt;no info&amp;gt;
   7:   0x687086 - &amp;lt;no info&amp;gt;
   8:   0x413b48 - &amp;lt;no info&amp;gt;
   9:   0x6823d1 - &amp;lt;no info&amp;gt;
  10: 0x76cd3677 - BaseThreadInitThunk
  11: 0x77879d72 - RtlInitializeExceptionChain">
      <![CDATA[org.openqa.selenium.WebDriverException: connection refused
Build info: version: '3.141.59', revision: 'e82be7d358', time: '2018-11-14T08:17:03'
System info: host: 'FAHIM-PC', ip: '192.168.43.51', os.name: 'Windows 7', os.arch: 'amd64', os.version: '6.1', java.version: '1.8.0_171'
Driver info: driver.version: FirefoxDriver
remote stacktrace: stack backtrace:
   0:   0x49dbf6 - <no info>
   1:   0x435fd7 - <no info>
   2:   0x43bfba - <no info>
   3:   0x43f00f - <no info>
   4:   0x41bb48 - <no info>
   5:   0x404309 - <no info>
   6:   0x4066b7 - <no info>
   7:   0x687086 - <no info>
   8:   0x413b48 - <no info>
   9:   0x6823d1 - <no info>
  10: 0x76cd3677 - BaseThreadInitThunk
  11: 0x77879d72 - RtlInitializeExceptionChain
at org.openqa.selenium.remote.W3CHandshakeResponse.lambda$errorHandler$0(W3CHandshakeResponse.java:62)
at org.openqa.selenium.remote.HandshakeResponse.lambda$getResponseFunction$0(HandshakeResponse.java:30)
at org.openqa.selenium.remote.ProtocolHandshake.lambda$createSession$0(ProtocolHandshake.java:126)
at java.util.stream.ReferencePipeline$3$1.accept(Unknown Source)
at java.util.Spliterators$ArraySpliterator.tryAdvance(Unknown Source)
at java.util.stream.ReferencePipeline.forEachWithCancel(Unknown Source)
at java.util.stream.AbstractPipeline.copyIntoWithCancel(Unknown Source)
at java.util.stream.AbstractPipeline.copyInto(Unknown Source)
at java.util.stream.AbstractPipeline.wrapAndCopyInto(Unknown Source)
at java.util.stream.FindOps$FindOp.evaluateSequential(Unknown Source)
at java.util.stream.AbstractPipeline.evaluate(Unknown Source)
at java.util.stream.ReferencePipeline.findFirst(Unknown Source)
at org.openqa.selenium.remote.ProtocolHandshake.createSession(ProtocolHandshake.java:128)
at org.openqa.selenium.remote.ProtocolHandshake.createSession(ProtocolHandshake.java:74)
at org.openqa.selenium.remote.HttpCommandExecutor.execute(HttpCommandExecutor.java:136)
at org.openqa.selenium.remote.service.DriverCommandExecutor.execute(DriverCommandExecutor.java:83)
at org.openqa.selenium.remote.RemoteWebDriver.execute(RemoteWebDriver.java:552)
at org.openqa.selenium.remote.RemoteWebDriver.startSession(RemoteWebDriver.java:213)
at org.openqa.selenium.remote.RemoteWebDriver.<init>(RemoteWebDriver.java:131)
at org.openqa.selenium.firefox.FirefoxDriver.<init>(FirefoxDriver.java:147)
at org.openqa.selenium.firefox.FirefoxDriver.<init>(FirefoxDriver.java:125)
at Sep_Practice_TestNG.CrossBrowser_Testing.browserLaunch(CrossBrowser_Testing.java:34)
at java.util.ArrayList.forEach(Unknown Source)
at java.util.concurrent.FutureTask.run(Unknown Source)
at java.util.concurrent.ThreadPoolExecutor.runWorker(Unknown Source)
at java.util.concurrent.ThreadPoolExecutor$Worker.run(Unknown Source)
at java.lang.Thread.run(Unknown Source)
... Removed 22 stack frames]]>
    </failure>
  </testcase> <!-- browserLaunch -->
</testsuite> <!-- FirefoxBrowserTest -->
