<?xml version="1.0" encoding="UTF-8"?>
<testng-results skipped="0" failed="0" ignored="0" total="1" passed="1">
  <reporter-output>
  </reporter-output>
  <suite name="Default suite" duration-ms="97" started-at="2019-09-26T16:54:38 IST" finished-at="2019-09-26T16:54:38 IST">
    <groups>
    </groups>
    <test name="Default test" duration-ms="97" started-at="2019-09-26T16:54:38 IST" finished-at="2019-09-26T16:54:38 IST">
      <class name="Sep_Practice_JavaProgramm.extractInteger_inString">
        <test-method status="PASS" signature="extract_number()[pri:0, instance:Sep_Practice_JavaProgramm.extractInteger_inString@2a17b7b6]" name="extract_number" duration-ms="17" started-at="2019-09-26T16:54:38 IST" finished-at="2019-09-26T16:54:38 IST">
          <reporter-output>
          </reporter-output>
        </test-method> <!-- extract_number -->
      </class> <!-- Sep_Practice_JavaProgramm.extractInteger_inString -->
    </test> <!-- Default test -->
  </suite> <!-- Default suite -->
</testng-results>
